android/build/intermediates/manifest_merge_blame_file/debug/manifest-merger-blame-debug-report.txt
1<?xml version="1.0" encoding="utf-8"?>
2<manifest xmlns:android="http://schemas.android.com/apk/res/android"
3    package="krazy.cat.games"
4    android:versionCode="1"
5    android:versionName="1.0" >
6
7    <uses-sdk
8        android:minSdkVersion="19"
9        android:targetSdkVersion="34" />
10
11    <uses-feature
11-->SaveTheMaid/android/AndroidManifest.xml:4:3-75
12        android:glEsVersion="0x00020000"
12-->SaveTheMaid/android/AndroidManifest.xml:4:17-49
13        android:required="true" />
13-->SaveTheMaid/android/AndroidManifest.xml:4:50-73
14
15    <application
15-->SaveTheMaid/android/AndroidManifest.xml:5:3-25:17
16        android:allowBackup="true"
16-->SaveTheMaid/android/AndroidManifest.xml:6:7-33
17        android:appCategory="game"
17-->SaveTheMaid/android/AndroidManifest.xml:10:7-33
18        android:debuggable="true"
19        android:extractNativeLibs="true"
20        android:fullBackupContent="true"
20-->SaveTheMaid/android/AndroidManifest.xml:7:7-39
21        android:icon="@drawable/ic_launcher"
21-->SaveTheMaid/android/AndroidManifest.xml:8:7-43
22        android:isGame="true"
22-->SaveTheMaid/android/AndroidManifest.xml:9:7-28
23        android:label="@string/app_name"
23-->SaveTheMaid/android/AndroidManifest.xml:11:7-39
24        android:testOnly="true"
25        android:theme="@style/GdxTheme" >
25-->SaveTheMaid/android/AndroidManifest.xml:13:7-38
26        <activity
26-->SaveTheMaid/android/AndroidManifest.xml:14:5-24:16
27            android:name="krazy.cat.games.android.AndroidLauncher"
27-->SaveTheMaid/android/AndroidManifest.xml:15:9-63
28            android:configChanges="keyboard|keyboardHidden|navigation|orientation|screenSize|screenLayout"
28-->SaveTheMaid/android/AndroidManifest.xml:18:9-103
29            android:exported="true"
29-->SaveTheMaid/android/AndroidManifest.xml:19:9-32
30            android:label="@string/app_name"
30-->SaveTheMaid/android/AndroidManifest.xml:16:9-41
31            android:screenOrientation="landscape" >
31-->SaveTheMaid/android/AndroidManifest.xml:17:9-46
32            <intent-filter>
32-->SaveTheMaid/android/AndroidManifest.xml:20:9-23:23
33                <action android:name="android.intent.action.MAIN" />
33-->SaveTheMaid/android/AndroidManifest.xml:21:9-60
33-->SaveTheMaid/android/AndroidManifest.xml:21:17-58
34
35                <category android:name="android.intent.category.LAUNCHER" />
35-->SaveTheMaid/android/AndroidManifest.xml:22:9-68
35-->SaveTheMaid/android/AndroidManifest.xml:22:19-66
36            </intent-filter>
37        </activity>
38    </application>
39
40</manifest>